Start testing: Jan 16 12:22 CET
----------------------------------------------------------
1/1 Testing: SimpleTest
1/1 Test: SimpleTest
Command: "/home/iut45/Etudiants/o22202608/WinHome/multimedia/TP-multimedia/BUILD/td"
Directory: /home/iut45/Etudiants/o22202608/WinHome/multimedia/TP-multimedia/BUILD
"SimpleTest" start time: Jan 16 12:22 CET
Output:
----------------------------------------------------------
39520.00447504102370.04907731782380.0035949681006.42372
<end of output>
Test time = 220.70 sec
----------------------------------------------------------
Test Passed.
"SimpleTest" end time: Jan 16 12:26 CET
"SimpleTest" time elapsed: 00:03:40
----------------------------------------------------------

End testing: Jan 16 12:26 CET
