Start testing: Jan 15 12:22 CET
----------------------------------------------------------
1/1 Testing: SimpleTest
1/1 Test: SimpleTest
Command: "/home/iut45/Etudiants/o22202608/WinHome/multimedia/TP-multimedia/BUILD/td"
Directory: /home/iut45/Etudiants/o22202608/WinHome/multimedia/TP-multimedia/BUILD
"SimpleTest" start time: Jan 15 12:22 CET
Output:
----------------------------------------------------------
39520.00447504102370.0490773GL_INVALID_VALUE - /home/iut45/Etudiants/o22202608/WinHome/multimedia/TP-multimedia/td6.cpp:337
GL_INVALID_VALUE - /home/iut45/Etudiants/o22202608/WinHome/multimedia/TP-multimedia/td6.cpp:362
1782380.00359496GL_INVALID_VALUE - /home/iut45/Etudiants/o22202608/WinHome/multimedia/TP-multimedia/td6.cpp:337
GL_INVALID_VALUE - /home/iut45/Etudiants/o22202608/WinHome/multimedia/TP-multimedia/td6.cpp:362
81006.42372
<end of output>
Test time =  22.21 sec
----------------------------------------------------------
Test Passed.
"SimpleTest" end time: Jan 15 12:23 CET
"SimpleTest" time elapsed: 00:00:22
----------------------------------------------------------

End testing: Jan 15 12:23 CET
